-------------------------------------------------------------------------------
Test set: com.eagle.testcase.TestBankInfo
-------------------------------------------------------------------------------
Tests run: 27, Failures: 6, Errors: 0, Skipped: 0, Time elapsed: 41.496 sec <<< FAILURE! - in com.eagle.testcase.TestBankInfo
_au_account_number_is_invalid(com.eagle.testcase.TestBankInfo)  Time elapsed: 1.149 sec  <<< FAILURE!
org.junit.ComparisonFailure: expected:<...r should be between [6 and 9 when bank_country_code is 'AU]'"}> but was:<...r should be between [7 and 11 when bank_country_code is 'US]'"}>
	at com.eagle.testcase.TestBankInfo.verifyInvalidAccount(TestBankInfo.java:374)
	at com.eagle.testcase.TestBankInfo._au_account_number_is_invalid(TestBankInfo.java:285)

_cn_account_number_is_invalid(com.eagle.testcase.TestBankInfo)  Time elapsed: 0.721 sec  <<< FAILURE!
org.junit.ComparisonFailure: expected:<...r should be between [8 and 20 when bank_country_code is 'CN]'"}> but was:<...r should be between [7 and 11 when bank_country_code is 'US]'"}>
	at com.eagle.testcase.TestBankInfo.verifyInvalidAccount(TestBankInfo.java:374)
	at com.eagle.testcase.TestBankInfo._cn_account_number_is_invalid(TestBankInfo.java:295)

_us_account_number_is_invalid(com.eagle.testcase.TestBankInfo)  Time elapsed: 0.755 sec  <<< FAILURE!
org.junit.ComparisonFailure: expected:<...r should be between [1 and 17] when bank_country_c...> but was:<...r should be between [7 and 11] when bank_country_c...>
	at com.eagle.testcase.TestBankInfo.verifyInvalidAccount(TestBankInfo.java:374)
	at com.eagle.testcase.TestBankInfo._us_account_number_is_invalid(TestBankInfo.java:275)

_swift_length_valid(com.eagle.testcase.TestBankInfo)  Time elapsed: 1.63 sec  <<< FAILURE!
java.lang.AssertionError: 实际结果：{"error":"Length of 'swift_code' should be either 8 or 11"}
	at com.eagle.testcase.TestBankInfo._200Verify(TestBankInfo.java:462)
	at com.eagle.testcase.TestBankInfo.verifySwiftCountry(TestBankInfo.java:357)
	at com.eagle.testcase.TestBankInfo._swift_length_valid(TestBankInfo.java:262)

_swift_length_invalid(com.eagle.testcase.TestBankInfo)  Time elapsed: 2.246 sec  <<< FAILURE!
java.lang.AssertionError: 实际结果：{"success":"Bank details saved"}
	at com.eagle.testcase.TestBankInfo._400Verify(TestBankInfo.java:457)
	at com.eagle.testcase.TestBankInfo.verifySwiftCountryInvalid(TestBankInfo.java:389)
	at com.eagle.testcase.TestBankInfo._swift_length_invalid(TestBankInfo.java:266)

_cn_account_number_is_valid(com.eagle.testcase.TestBankInfo)  Time elapsed: 1.419 sec  <<< FAILURE!
java.lang.AssertionError: 实际结果：{"error":"Length of account_number should be between 7 and 11 when bank_country_code is 'US'"}
	at com.eagle.testcase.TestBankInfo._200Verify(TestBankInfo.java:462)
	at com.eagle.testcase.TestBankInfo.verifyAccount(TestBankInfo.java:342)
	at com.eagle.testcase.TestBankInfo._cn_account_number_is_valid(TestBankInfo.java:290)

